app/build/intermediates/manifest_merge_blame_file/debug/processDebugMainManifest/manifest-merger-blame-debug-report.txt
1<?xml version="1.0" encoding="utf-8"?>
2<manifest xmlns:android="http://schemas.android.com/apk/res/android"
3    package="com.shootingscore"
4    android:versionCode="18"
5    android:versionName="1.9.1" >
6
7    <uses-sdk
8        android:minSdkVersion="24"
9        android:targetSdkVersion="34" />
10
11    <uses-permission android:name="android.permission.INTERNET" />
11-->src\main\AndroidManifest.xml:4:5-67
11-->src\main\AndroidManifest.xml:4:22-64
12    <uses-permission android:name="android.permission.CAMERA" />
12-->src\main\AndroidManifest.xml:5:5-65
12-->src\main\AndroidManifest.xml:5:22-62
13    <uses-permission
13-->src\main\AndroidManifest.xml:6:5-107
14        android:name="android.permission.READ_EXTERNAL_STORAGE"
14-->src\main\AndroidManifest.xml:6:22-77
15        android:maxSdkVersion="32" />
15-->src\main\AndroidManifest.xml:6:78-104
16    <uses-permission
16-->src\main\AndroidManifest.xml:7:5-108
17        android:name="android.permission.WRITE_EXTERNAL_STORAGE"
17-->src\main\AndroidManifest.xml:7:22-78
18        android:maxSdkVersion="32" />
18-->src\main\AndroidManifest.xml:7:79-105
19
20    <uses-feature
20-->src\main\AndroidManifest.xml:8:5-88
21        android:name="android.hardware.camera.any"
21-->src\main\AndroidManifest.xml:8:19-61
22        android:required="true" />
22-->src\main\AndroidManifest.xml:8:62-85
23
24    <uses-permission android:name="android.permission.ACCESS_NETWORK_STATE" />
24-->[androidx.media3:media3-common:1.2.1] AndroidManifest.xml:22:5-79
24-->[androidx.media3:media3-common:1.2.1] AndroidManifest.xml:22:22-76
25
26    <permission
26-->[androidx.core:core:1.12.0] AndroidManifest.xml:22:5-24:47
27        android:name="com.shootingscore.DYNAMIC_RECEIVER_NOT_EXPORTED_PERMISSION"
27-->[androidx.core:core:1.12.0] AndroidManifest.xml:23:9-81
28        android:protectionLevel="signature" />
28-->[androidx.core:core:1.12.0] AndroidManifest.xml:24:9-44
29
30    <uses-permission android:name="com.shootingscore.DYNAMIC_RECEIVER_NOT_EXPORTED_PERMISSION" />
30-->[androidx.core:core:1.12.0] AndroidManifest.xml:26:5-97
30-->[androidx.core:core:1.12.0] AndroidManifest.xml:26:22-94
31
32    <application
32-->src\main\AndroidManifest.xml:10:5-44:19
33        android:allowBackup="true"
33-->src\main\AndroidManifest.xml:11:9-35
34        android:appComponentFactory="androidx.core.app.CoreComponentFactory"
34-->[androidx.core:core:1.12.0] AndroidManifest.xml:28:18-86
35        android:debuggable="true"
36        android:extractNativeLibs="false"
37        android:label="@string/app_name"
37-->src\main\AndroidManifest.xml:12:9-41
38        android:supportsRtl="true"
38-->src\main\AndroidManifest.xml:13:9-35
39        android:theme="@style/Theme.ShootingScoreApp" >
39-->src\main\AndroidManifest.xml:14:9-54
40        <activity
40-->src\main\AndroidManifest.xml:15:9-23:20
41            android:name="com.shootingscore.MainActivity"
41-->src\main\AndroidManifest.xml:16:13-41
42            android:exported="true"
42-->src\main\AndroidManifest.xml:17:13-36
43            android:screenOrientation="landscape" >
43-->src\main\AndroidManifest.xml:18:13-50
44            <intent-filter>
44-->src\main\AndroidManifest.xml:19:13-22:29
45                <action android:name="android.intent.action.MAIN" />
45-->src\main\AndroidManifest.xml:20:17-69
45-->src\main\AndroidManifest.xml:20:25-66
46
47                <category android:name="android.intent.category.LAUNCHER" />
47-->src\main\AndroidManifest.xml:21:17-77
47-->src\main\AndroidManifest.xml:21:27-74
48            </intent-filter>
49        </activity>
50        <activity
50-->src\main\AndroidManifest.xml:25:9-29:61
51            android:name="com.shootingscore.SettingsActivity"
51-->src\main\AndroidManifest.xml:26:13-45
52            android:exported="false"
52-->src\main\AndroidManifest.xml:27:13-37
53            android:screenOrientation="landscape"
53-->src\main\AndroidManifest.xml:28:13-50
54            android:theme="@style/Theme.ShootingScoreApp" />
54-->src\main\AndroidManifest.xml:29:13-58
55
56        <provider
56-->src\main\AndroidManifest.xml:31:9-43:20
57            android:name="androidx.core.content.FileProvider"
57-->src\main\AndroidManifest.xml:32:13-62
58            android:authorities="com.shootingscore.fileprovider"
58-->src\main\AndroidManifest.xml:33:13-65
59            android:exported="false"
59-->src\main\AndroidManifest.xml:34:13-37
60            android:grantUriPermissions="true" >
60-->src\main\AndroidManifest.xml:35:13-47
61            <meta-data
61-->src\main\AndroidManifest.xml:36:13-38:54
62                android:name="android.support.FILE_PATHS"
62-->src\main\AndroidManifest.xml:37:17-58
63                android:resource="@xml/file_paths" />
63-->src\main\AndroidManifest.xml:38:17-51
64            <!-- Also adding this just in case the system is looking for it -->
65            <meta-data
65-->src\main\AndroidManifest.xml:40:13-42:54
66                android:name="android.support.FILE_PROVIDER_PATHS"
66-->src\main\AndroidManifest.xml:41:17-67
67                android:resource="@xml/file_paths" />
67-->src\main\AndroidManifest.xml:42:17-51
68        </provider>
69
70        <service
70-->[androidx.camera:camera-camera2:1.3.1] AndroidManifest.xml:24:9-33:19
71            android:name="androidx.camera.core.impl.MetadataHolderService"
71-->[androidx.camera:camera-camera2:1.3.1] AndroidManifest.xml:25:13-75
72            android:enabled="false"
72-->[androidx.camera:camera-camera2:1.3.1] AndroidManifest.xml:26:13-36
73            android:exported="false" >
73-->[androidx.camera:camera-camera2:1.3.1] AndroidManifest.xml:27:13-37
74            <meta-data
74-->[androidx.camera:camera-camera2:1.3.1] AndroidManifest.xml:30:13-32:89
75                android:name="androidx.camera.core.impl.MetadataHolderService.DEFAULT_CONFIG_PROVIDER"
75-->[androidx.camera:camera-camera2:1.3.1] AndroidManifest.xml:31:17-103
76                android:value="androidx.camera.camera2.Camera2Config$DefaultProvider" />
76-->[androidx.camera:camera-camera2:1.3.1] AndroidManifest.xml:32:17-86
77        </service>
78
79        <provider
79-->[androidx.emoji2:emoji2:1.2.0] AndroidManifest.xml:24:9-32:20
80            android:name="androidx.startup.InitializationProvider"
80-->[androidx.emoji2:emoji2:1.2.0] AndroidManifest.xml:25:13-67
81            android:authorities="com.shootingscore.androidx-startup"
81-->[androidx.emoji2:emoji2:1.2.0] AndroidManifest.xml:26:13-68
82            android:exported="false" >
82-->[androidx.emoji2:emoji2:1.2.0] AndroidManifest.xml:27:13-37
83            <meta-data
83-->[androidx.emoji2:emoji2:1.2.0] AndroidManifest.xml:29:13-31:52
84                android:name="androidx.emoji2.text.EmojiCompatInitializer"
84-->[androidx.emoji2:emoji2:1.2.0] AndroidManifest.xml:30:17-75
85                android:value="androidx.startup" />
85-->[androidx.emoji2:emoji2:1.2.0] AndroidManifest.xml:31:17-49
86            <meta-data
86-->[androidx.lifecycle:lifecycle-process:2.6.2] AndroidManifest.xml:29:13-31:52
87                android:name="androidx.lifecycle.ProcessLifecycleInitializer"
87-->[androidx.lifecycle:lifecycle-process:2.6.2] AndroidManifest.xml:30:17-78
88                android:value="androidx.startup" />
88-->[androidx.lifecycle:lifecycle-process:2.6.2] AndroidManifest.xml:31:17-49
89            <meta-data
89-->[androidx.profileinstaller:profileinstaller:1.3.0] AndroidManifest.xml:29:13-31:52
90                android:name="androidx.profileinstaller.ProfileInstallerInitializer"
90-->[androidx.profileinstaller:profileinstaller:1.3.0] AndroidManifest.xml:30:17-85
91                android:value="androidx.startup" />
91-->[androidx.profileinstaller:profileinstaller:1.3.0] AndroidManifest.xml:31:17-49
92        </provider>
93
94        <receiver
94-->[androidx.profileinstaller:profileinstaller:1.3.0] AndroidManifest.xml:34:9-52:20
95            android:name="androidx.profileinstaller.ProfileInstallReceiver"
95-->[androidx.profileinstaller:profileinstaller:1.3.0] AndroidManifest.xml:35:13-76
96            android:directBootAware="false"
96-->[androidx.profileinstaller:profileinstaller:1.3.0] AndroidManifest.xml:36:13-44
97            android:enabled="true"
97-->[androidx.profileinstaller:profileinstaller:1.3.0] AndroidManifest.xml:37:13-35
98            android:exported="true"
98-->[androidx.profileinstaller:profileinstaller:1.3.0] AndroidManifest.xml:38:13-36
99            android:permission="android.permission.DUMP" >
99-->[androidx.profileinstaller:profileinstaller:1.3.0] AndroidManifest.xml:39:13-57
100            <intent-filter>
100-->[androidx.profileinstaller:profileinstaller:1.3.0] AndroidManifest.xml:40:13-42:29
101                <action android:name="androidx.profileinstaller.action.INSTALL_PROFILE" />
101-->[androidx.profileinstaller:profileinstaller:1.3.0] AndroidManifest.xml:41:17-91
101-->[androidx.profileinstaller:profileinstaller:1.3.0] AndroidManifest.xml:41:25-88
102            </intent-filter>
103            <intent-filter>
103-->[androidx.profileinstaller:profileinstaller:1.3.0] AndroidManifest.xml:43:13-45:29
104                <action android:name="androidx.profileinstaller.action.SKIP_FILE" />
104-->[androidx.profileinstaller:profileinstaller:1.3.0] AndroidManifest.xml:44:17-85
104-->[androidx.profileinstaller:profileinstaller:1.3.0] AndroidManifest.xml:44:25-82
105            </intent-filter>
106            <intent-filter>
106-->[androidx.profileinstaller:profileinstaller:1.3.0] AndroidManifest.xml:46:13-48:29
107                <action android:name="androidx.profileinstaller.action.SAVE_PROFILE" />
107-->[androidx.profileinstaller:profileinstaller:1.3.0] AndroidManifest.xml:47:17-88
107-->[androidx.profileinstaller:profileinstaller:1.3.0] AndroidManifest.xml:47:25-85
108            </intent-filter>
109            <intent-filter>
109-->[androidx.profileinstaller:profileinstaller:1.3.0] AndroidManifest.xml:49:13-51:29
110                <action android:name="androidx.profileinstaller.action.BENCHMARK_OPERATION" />
110-->[androidx.profileinstaller:profileinstaller:1.3.0] AndroidManifest.xml:50:17-95
110-->[androidx.profileinstaller:profileinstaller:1.3.0] AndroidManifest.xml:50:25-92
111            </intent-filter>
112        </receiver>
113    </application>
114
115</manifest>